Determining if the pthread_create exist failed with the following output:
Change Dir: /home/jhona/navigation_ws/build/CMakeFiles/CMakeTmp

Run Build Command:"/usr/bin/make" "cmTC_78871/fast"
/usr/bin/make -f CMakeFiles/cmTC_78871.dir/build.make CMakeFiles/cmTC_78871.dir/build
make[1]: Entering directory '/home/jhona/navigation_ws/build/CMakeFiles/CMakeTmp'
Building C object CMakeFiles/cmTC_78871.dir/CheckSymbolExists.c.o
/usr/bin/cc    -o CMakeFiles/cmTC_78871.dir/CheckSymbolExists.c.o   -c /home/jhona/navigation_ws/build/CMakeFiles/CMakeTmp/CheckSymbolExists.c
Linking C executable cmTC_78871
/home/jhona/cmake-3.13.5/bin/cmake -E cmake_link_script CMakeFiles/cmTC_78871.dir/link.txt --verbose=1
/usr/bin/cc      -rdynamic CMakeFiles/cmTC_78871.dir/CheckSymbolExists.c.o  -o cmTC_78871 
CMakeFiles/cmTC_78871.dir/CheckSymbolExists.c.o: In function `main':
CheckSymbolExists.c:(.text+0x14): undefined reference to `pthread_create'
CheckSymbolExists.c:(.text+0x18): undefined reference to `pthread_create'
collect2: error: ld returned 1 exit status
CMakeFiles/cmTC_78871.dir/build.make:86: recipe for target 'cmTC_78871' failed
make[1]: *** [cmTC_78871] Error 1
make[1]: Leaving directory '/home/jhona/navigation_ws/build/CMakeFiles/CMakeTmp'
Makefile:121: recipe for target 'cmTC_78871/fast' failed
make: *** [cmTC_78871/fast] Error 2

File /home/jhona/navigation_ws/build/CMakeFiles/CMakeTmp/CheckSymbolExists.c:
/* */
#include <pthread.h>

int main(int argc, char** argv)
{
  (void)argv;
#ifndef pthread_create
  return ((int*)(&pthread_create))[argc];
#else
  (void)argc;
  return 0;
#endif
}

Determining if the function pthread_create exists in the pthreads failed with the following output:
Change Dir: /home/jhona/navigation_ws/build/CMakeFiles/CMakeTmp

Run Build Command:"/usr/bin/make" "cmTC_1f45b/fast"
/usr/bin/make -f CMakeFiles/cmTC_1f45b.dir/build.make CMakeFiles/cmTC_1f45b.dir/build
make[1]: Entering directory '/home/jhona/navigation_ws/build/CMakeFiles/CMakeTmp'
Building C object CMakeFiles/cmTC_1f45b.dir/CheckFunctionExists.c.o
/usr/bin/cc   -DCHECK_FUNCTION_EXISTS=pthread_create   -o CMakeFiles/cmTC_1f45b.dir/CheckFunctionExists.c.o   -c /home/jhona/cmake-3.13.5/Modules/CheckFunctionExists.c
Linking C executable cmTC_1f45b
/home/jhona/cmake-3.13.5/bin/cmake -E cmake_link_script CMakeFiles/cmTC_1f45b.dir/link.txt --verbose=1
/usr/bin/cc  -DCHECK_FUNCTION_EXISTS=pthread_create    -rdynamic CMakeFiles/cmTC_1f45b.dir/CheckFunctionExists.c.o  -o cmTC_1f45b -lpthreads 
/usr/bin/ld: cannot find -lpthreads
collect2: error: ld returned 1 exit status
CMakeFiles/cmTC_1f45b.dir/build.make:86: recipe for target 'cmTC_1f45b' failed
make[1]: *** [cmTC_1f45b] Error 1
make[1]: Leaving directory '/home/jhona/navigation_ws/build/CMakeFiles/CMakeTmp'
Makefile:121: recipe for target 'cmTC_1f45b/fast' failed
make: *** [cmTC_1f45b/fast] Error 2


Determining if the function sgemm_ exists failed with the following output:
Change Dir: /home/jhona/navigation_ws/build/CMakeFiles/CMakeTmp

Run Build Command:"/usr/bin/make" "cmTC_130d7/fast"
/usr/bin/make -f CMakeFiles/cmTC_130d7.dir/build.make CMakeFiles/cmTC_130d7.dir/build
make[1]: Entering directory '/home/jhona/navigation_ws/build/CMakeFiles/CMakeTmp'
Building C object CMakeFiles/cmTC_130d7.dir/CheckFunctionExists.c.o
/usr/bin/cc   -DCHECK_FUNCTION_EXISTS=sgemm_   -o CMakeFiles/cmTC_130d7.dir/CheckFunctionExists.c.o   -c /home/jhona/cmake-3.13.5/Modules/CheckFunctionExists.c
Linking C executable cmTC_130d7
/home/jhona/cmake-3.13.5/bin/cmake -E cmake_link_script CMakeFiles/cmTC_130d7.dir/link.txt --verbose=1
/usr/bin/cc  -DCHECK_FUNCTION_EXISTS=sgemm_    CMakeFiles/cmTC_130d7.dir/CheckFunctionExists.c.o  -o cmTC_130d7 
CMakeFiles/cmTC_130d7.dir/CheckFunctionExists.c.o: In function `main':
CheckFunctionExists.c:(.text+0x10): undefined reference to `sgemm_'
collect2: error: ld returned 1 exit status
CMakeFiles/cmTC_130d7.dir/build.make:86: recipe for target 'cmTC_130d7' failed
make[1]: *** [cmTC_130d7] Error 1
make[1]: Leaving directory '/home/jhona/navigation_ws/build/CMakeFiles/CMakeTmp'
Makefile:121: recipe for target 'cmTC_130d7/fast' failed
make: *** [cmTC_130d7/fast] Error 2


